project/proguard/seeds.txt
pppoe.school.ActivityAbout
pppoe.school.ActivityAbout: ActivityAbout()
pppoe.school.ActivityMain
pppoe.school.ActivityMain: ActivityMain()
pppoe.school.ActivitySettings
pppoe.school.ActivitySettings: ActivitySettings()
pppoe.school.ActivitySettings: void typeClick(android.view.View)
pppoe.school.ActivitySettings: void aboutClick(android.view.View)
pppoe.school.ActivitySettings: void downloadClick(android.view.View)
pppoe.school.ActivityStatus
pppoe.school.ActivityStatus: ActivityStatus()
pppoe.school.ActivityWelcome
pppoe.school.ActivityWelcome: ActivityWelcome()
pppoe.school.ActivityWhatsNew
pppoe.school.ActivityWhatsNew: ActivityWhatsNew()
pppoe.school.ActivityWhatsNew: void clickStart(android.view.View)
pppoe.school.ActivityWhatsNew: void typeClick(android.view.View)
pppoe.school.PPPoEBroadcastReceiver
pppoe.school.PPPoEService
pppoe.school.PPPoEService: PPPoEService()
...
android.support.v4.view.PagerTabStrip$1
android.support.v4.view.PagerTabStrip$1: android.support.v4.view.PagerTabStrip this$0
android.support.v4.view.PagerTabStrip$1: PagerTabStrip$1(android.support.v4.view.PagerTabStrip)
android.support.v4.view.PagerTabStrip$1: void onClick(android.view.View)
android.support.v4.view.PagerTabStrip$2
android.support.v4.view.PagerTabStrip$2: android.support.v4.view.PagerTabStrip this$0
android.support.v4.view.PagerTabStrip$2: PagerTabStrip$2(android.support.v4.view.PagerTabStrip)
android.support.v4.view.PagerTabStrip$2: void onClick(android.view.View)
android.support.v4.view.PagerTitleStrip
android.support.v4.view.PagerTitleStrip: java.lang.String TAG
android.support.v4.view.PagerTitleStrip: android.support.v4.view.ViewPager mPager
android.support.v4.view.PagerTitleStrip: android.widget.TextView mPrevText
android.support.v4.view.PagerTitleStrip: android.widget.TextView mCurrText
android.support.v4.view.PagerTitleStrip: android.widget.TextView mNextText
android.support.v4.view.PagerTitleStrip: int mLastKnownCurrentPage
android.support.v4.view.PagerTitleStrip: float mLastKnownPositionOffset
android.support.v4.view.PagerTitleStrip: int mScaledTextSpacing
android.support.v4.view.PagerTitleStrip: int mGravity
android.support.v4.view.PagerTitleStrip: boolean mUpdatingText
android.support.v4.view.PagerTitleStrip: boolean mUpdatingPositions
android.support.v4.view.PagerTitleStrip: android.support.v4.view.PagerTitleStrip$PageListener mPageListener
android.support.v4.view.PagerTitleStrip: java.lang.ref.WeakReference mWatchingAdapter
android.support.v4.view.PagerTitleStrip: int[] ATTRS
android.support.v4.view.PagerTitleStrip: int[] TEXT_ATTRS
android.support.v4.view.PagerTitleStrip: float SIDE_ALPHA
android.support.v4.view.PagerTitleStrip: int TEXT_SPACING
android.support.v4.view.PagerTitleStrip: int mNonPrimaryAlpha
android.support.v4.view.PagerTitleStrip: int mTextColor
android.support.v4.view.PagerTitleStrip: android.support.v4.view.PagerTitleStrip$PagerTitleStripImpl IMPL
android.support.v4.view.PagerTitleStrip$1
android.support.v4.view.PagerTitleStrip$PageListener
android.support.v4.view.PagerTitleStrip$PageListener: int mScrollState
android.support.v4.view.PagerTitleStrip$PageListener: android.support.v4.view.PagerTitleStrip this$0
android.support.v4.view.PagerTitleStrip$PageListener: PagerTitleStrip$PageListener(android.support.v4.view.PagerTitleStrip)
android.support.v4.view.PagerTitleStrip$PageListener: void onPageScrolled(int,float,int)
android.support.v4.view.PagerTitleStrip$PageListener: void onPageSelected(int)
android.support.v4.view.PagerTitleStrip$PageListener: void onPageScrollStateChanged(int)
android.support.v4.view.PagerTitleStrip$PageListener: void onAdapterChanged(android.support.v4.view.PagerAdapter,android.support.v4.view.PagerAdapter)
android.support.v4.view.PagerTitleStrip$PageListener: void onChanged()
android.support.v4.view.PagerTitleStrip$PageListener: PagerTitleStrip$PageListener(android.support.v4.view.PagerTitleStrip,android.support.v4.view.PagerTitleStrip$1)
android.support.v4.view.PagerTitleStrip$PagerTitleStripImpl
android.support.v4.view.PagerTitleStrip$PagerTitleStripImpl: void setSingleLineAllCaps(android.widget.TextView)
android.support.v4.view.PagerTitleStrip$PagerTitleStripImplBase
android.support.v4.view.PagerTitleStrip$PagerTitleStripImplBase: PagerTitleStrip$PagerTitleStripImplBase()
android.support.v4.view.PagerTitleStrip$PagerTitleStripImplBase: void setSingleLineAllCaps(android.widget.TextView)
android.support.v4.view.PagerTitleStrip$PagerTitleStripImplIcs
android.support.v4.view.PagerTitleStrip$PagerTitleStripImplIcs: PagerTitleStrip$PagerTitleStripImplIcs()
android.support.v4.view.PagerTitleStrip$PagerTitleStripImplIcs: void setSingleLineAllCaps(android.widget.TextView)