project/proguard/mapping.txt
pppoe.school.ActivityAbout -> pppoe.school.ActivityAbout:
    void onCreate(android.os.Bundle) -> onCreate
pppoe.school.ActivityAbout$1 -> pppoe.school.a:
    pppoe.school.ActivityAbout this$0 -> a
    void onClick(android.view.View) -> onClick
pppoe.school.ActivityMain -> pppoe.school.ActivityMain:
    android.widget.EditText editPassword -> a
    android.widget.EditText editUser -> b
    pppoe.school.AppConfig appConfig -> c
    void onCreate(android.os.Bundle) -> onCreate
    android.widget.EditText access$0(pppoe.school.ActivityMain) -> a
    android.widget.EditText access$1(pppoe.school.ActivityMain) -> b
    void access$2(pppoe.school.ActivityMain,java.lang.String,java.lang.String) -> a
    pppoe.school.AppConfig access$3(pppoe.school.ActivityMain) -> c
pppoe.school.ActivityMain$1 -> pppoe.school.b:
    pppoe.school.ActivityMain this$0 -> a
    void onClick(android.view.View) -> onClick
pppoe.school.ActivityMain$2 -> pppoe.school.c:
    pppoe.school.ActivityMain this$0 -> a
    void onClick(android.view.View) -> onClick
pppoe.school.ActivityMain$3 -> pppoe.school.d:
    pppoe.school.ActivityMain this$0 -> a
    java.lang.String val$strUser -> b
    pppoe.encrypt.Encrypt val$encrypt -> c
    java.lang.String val$strPassword -> d
    boolean val$bEthernet -> e
    pppoe.school.TipDialog val$tip -> f
    void run() -> run
pppoe.school.ActivitySettings -> pppoe.school.ActivitySettings:
    pppoe.control.WiperSwitchTouch switchEthernet -> a
    pppoe.control.WiperSwitchTouch switchMoniter -> b
    pppoe.school.PopDialog popMenu -> c
    pppoe.school.AppConfig appConfig -> d
    void onCreate(android.os.Bundle) -> onCreate
    void typeClick(android.view.View) -> typeClick
    void aboutClick(android.view.View) -> aboutClick
    void downloadClick(android.view.View) -> downloadClick
    void resetConfig() -> a
    pppoe.school.AppConfig access$0(pppoe.school.ActivitySettings) -> a
pppoe.school.ActivitySettings$1 -> pppoe.school.e:
    pppoe.school.ActivitySettings this$0 -> a
    void onClick(android.view.View) -> onClick
pppoe.school.ActivitySettings$2 -> pppoe.school.f:
    pppoe.school.ActivitySettings this$0 -> a
    void onClick(android.view.View) -> onClick
pppoe.school.ActivitySettings$3 -> pppoe.school.g:
    pppoe.school.ActivitySettings this$0 -> a
    void OnChanged$47ce624b(boolean) -> a
pppoe.school.ActivitySettings$4 -> pppoe.school.h:
    pppoe.school.ActivitySettings this$0 -> a
    void OnChanged$47ce624b(boolean) -> a
pppoe.school.ActivitySettings$5 -> pppoe.school.i:
    pppoe.school.ActivitySettings this$0 -> a
    pppoe.school.TipDialog val$tip -> b
    void run() -> run
pppoe.school.ActivityStatus -> pppoe.school.ActivityStatus:
    int netFlags -> a
    int dnsFlags -> b
    boolean nReceiver -> c
    android.os.Handler handlerCheck -> d
    java.lang.Runnable runnableCheck -> e
    pppoe.school.AppStatus appStatus -> f
    pppoe.school.AppNotify appNotify -> g
    pppoe.school.PPPoEBroadcastReceiver receiver -> h
    void onCreate(android.os.Bundle) -> onCreate
    void onStart() -> onStart
    void onDestroy() -> onDestroy
    boolean onKeyDown(int,android.view.KeyEvent) -> onKeyDown
    void stopRunning() -> a
    void stopMoniter() -> b
    void backMain() -> c
    int access$0(pppoe.school.ActivityStatus) -> a
    void access$1(pppoe.school.ActivityStatus) -> b
    void access$2(pppoe.school.ActivityStatus,android.widget.TextView,android.widget.Button) -> a
    void access$3(pppoe.school.ActivityStatus) -> c
    int access$4(pppoe.school.ActivityStatus) -> d
    pppoe.school.AppStatus access$5(pppoe.school.ActivityStatus) -> e
    void access$6(pppoe.school.ActivityStatus) -> f
    void access$7(pppoe.school.ActivityStatus,int) -> a
    void access$8(pppoe.school.ActivityStatus,int) -> b
    void access$9(pppoe.school.ActivityStatus) -> g
    void access$10(pppoe.school.ActivityStatus) -> h
    android.os.Handler access$11(pppoe.school.ActivityStatus) -> i
...
android.support.v4.widget.EdgeEffectCompat$EdgeEffectImpl -> android.support.v4.widget.EdgeEffectCompat$EdgeEffectImpl:
    java.lang.Object newEdgeEffect(android.content.Context) -> newEdgeEffect
    void setSize(java.lang.Object,int,int) -> setSize
    boolean isFinished(java.lang.Object) -> isFinished
    void finish(java.lang.Object) -> finish
    boolean onPull(java.lang.Object,float) -> onPull
    boolean onRelease(java.lang.Object) -> onRelease
    boolean onAbsorb(java.lang.Object,int) -> onAbsorb
    boolean draw(java.lang.Object,android.graphics.Canvas) -> draw
android.support.v4.widget.EdgeEffectCompatIcs -> android.support.v4.widget.EdgeEffectCompatIcs:
    java.lang.Object newEdgeEffect(android.content.Context) -> newEdgeEffect
    void setSize(java.lang.Object,int,int) -> setSize
    boolean isFinished(java.lang.Object) -> isFinished
    void finish(java.lang.Object) -> finish
    boolean onPull(java.lang.Object,float) -> onPull
    boolean onRelease(java.lang.Object) -> onRelease
    boolean onAbsorb(java.lang.Object,int) -> onAbsorb
    boolean draw(java.lang.Object,android.graphics.Canvas) -> draw
android.support.v4.widget.ResourceCursorAdapter -> android.support.v4.widget.ResourceCursorAdapter:
    int mLayout -> mLayout
    int mDropDownLayout -> mDropDownLayout
    android.view.LayoutInflater mInflater -> mInflater
    android.view.View newView(android.content.Context,android.database.Cursor,android.view.ViewGroup) -> newView
    android.view.View newDropDownView(android.content.Context,android.database.Cursor,android.view.ViewGroup) -> newDropDownView
    void setViewResource(int) -> setViewResource
    void setDropDownViewResource(int) -> setDropDownViewResource
android.support.v4.widget.ScrollerCompat -> android.support.v4.widget.ScrollerCompat:
    java.lang.Object mScroller -> mScroller
    android.support.v4.widget.ScrollerCompat$ScrollerCompatImpl IMPL -> IMPL
    android.support.v4.widget.ScrollerCompat create(android.content.Context) -> create
    android.support.v4.widget.ScrollerCompat create(android.content.Context,android.view.animation.Interpolator) -> create
    boolean isFinished() -> isFinished
    int getCurrX() -> getCurrX
    int getCurrY() -> getCurrY
    int getFinalX() -> getFinalX
    int getFinalY() -> getFinalY
    float getCurrVelocity() -> getCurrVelocity
    boolean computeScrollOffset() -> computeScrollOffset
    void startScroll(int,int,int,int) -> startScroll
    void startScroll(int,int,int,int,int) -> startScroll
    void fling(int,int,int,int,int,int,int,int) -> fling
    void fling(int,int,int,int,int,int,int,int,int,int) -> fling
    void abortAnimation() -> abortAnimation
    void notifyHorizontalEdgeReached(int,int,int) -> notifyHorizontalEdgeReached
    void notifyVerticalEdgeReached(int,int,int) -> notifyVerticalEdgeReached
    boolean isOverScrolled() -> isOverScrolled